<?xml version="1.0" ?>
<!DOCTYPE coverage SYSTEM "http://cobertura.sourceforge.net/xml/coverage-04.dtd">
<coverage lines-valid="46" lines-covered="0" line-rate="0" branches-valid="4" branches-covered="0" branch-rate="0" timestamp="1565886886058" complexity="0" version="0.1">
  <sources>
    <source>/Users/abrahamkim/Desktop/vue-state-managmenet-app</source>
  </sources>
  <packages>
    <package name="src" line-rate="0" branch-rate="1">
      <classes>
        <class name="App.vue" filename="src/App.vue" line-rate="0" branch-rate="1">
          <methods>
          </methods>
          <lines>
            <line number="12" hits="0" branch="false"/>
            <line number="13" hits="0" branch="false"/>
            <line number="14" hits="0" branch="false"/>
          </lines>
        </class>
        <class name="router.js" filename="src/router.js" line-rate="0" branch-rate="1">
          <methods>
          </methods>
          <lines>
            <line number="4" hits="0" branch="false"/>
          </lines>
        </class>
      </classes>
    </package>
    <package name="src.components" line-rate="0" branch-rate="0">
      <classes>
        <class name="AddTodo.vue" filename="src/components/AddTodo.vue" line-rate="0" branch-rate="1">
          <methods>
            <method name="data" hits="0" signature="()V">
              <lines>
                <line number="18" hits="0"/>
              </lines>
            </method>
            <method name="onSubmit" hits="0" signature="()V">
              <lines>
                <line number="25" hits="0"/>
              </lines>
            </method>
          </methods>
          <lines>
            <line number="14" hits="0" branch="false"/>
            <line number="19" hits="0" branch="false"/>
            <line number="26" hits="0" branch="false"/>
            <line number="27" hits="0" branch="false"/>
            <line number="28" hits="0" branch="false"/>
          </lines>
        </class>
        <class name="FilterTodos.vue" filename="src/components/FilterTodos.vue" line-rate="0" branch-rate="0">
          <methods>
            <method name="data" hits="0" signature="()V">
              <lines>
                <line number="21" hits="0"/>
              </lines>
            </method>
            <method name="onCheck" hits="0" signature="()V">
              <lines>
                <line number="28" hits="0"/>
              </lines>
            </method>
          </methods>
          <lines>
            <line number="18" hits="0" branch="false"/>
            <line number="22" hits="0" branch="false"/>
            <line number="29" hits="0" branch="false"/>
            <line number="31" hits="0" branch="true" condition-coverage="0% (0/2)"/>
            <line number="32" hits="0" branch="false"/>
            <line number="34" hits="0" branch="false"/>
          </lines>
        </class>
        <class name="Todos.vue" filename="src/components/Todos.vue" line-rate="0" branch-rate="1">
          <methods>
            <method name="markAsCompleted" hits="0" signature="()V">
              <lines>
                <line number="35" hits="0"/>
              </lines>
            </method>
            <method name="created" hits="0" signature="()V">
              <lines>
                <line number="46" hits="0"/>
              </lines>
            </method>
          </methods>
          <lines>
            <line number="29" hits="0" branch="false"/>
            <line number="36" hits="0" branch="false"/>
            <line number="42" hits="0" branch="false"/>
            <line number="47" hits="0" branch="false"/>
          </lines>
        </class>
      </classes>
    </package>
    <package name="src.store" line-rate="0" branch-rate="1">
      <classes>
        <class name="index.js" filename="src/store/index.js" line-rate="0" branch-rate="1">
          <methods>
          </methods>
          <lines>
            <line number="6" hits="0" branch="false"/>
          </lines>
        </class>
      </classes>
    </package>
    <package name="src.store.modules" line-rate="0" branch-rate="0">
      <classes>
        <class name="todos.js" filename="src/store/modules/todos.js" line-rate="0" branch-rate="0">
          <methods>
            <method name="(anonymous_0)" hits="0" signature="()V">
              <lines>
                <line number="8" hits="0"/>
              </lines>
            </method>
            <method name="(anonymous_1)" hits="0" signature="()V">
              <lines>
                <line number="13" hits="0"/>
              </lines>
            </method>
            <method name="(anonymous_2)" hits="0" signature="()V">
              <lines>
                <line number="14" hits="0"/>
              </lines>
            </method>
            <method name="(anonymous_3)" hits="0" signature="()V">
              <lines>
                <line number="20" hits="0"/>
              </lines>
            </method>
            <method name="(anonymous_4)" hits="0" signature="()V">
              <lines>
                <line number="25" hits="0"/>
              </lines>
            </method>
            <method name="(anonymous_5)" hits="0" signature="()V">
              <lines>
                <line number="31" hits="0"/>
              </lines>
            </method>
            <method name="(anonymous_6)" hits="0" signature="()V">
              <lines>
                <line number="37" hits="0"/>
              </lines>
            </method>
            <method name="(anonymous_7)" hits="0" signature="()V">
              <lines>
                <line number="47" hits="0"/>
              </lines>
            </method>
            <method name="(anonymous_8)" hits="0" signature="()V">
              <lines>
                <line number="58" hits="0"/>
              </lines>
            </method>
            <method name="(anonymous_9)" hits="0" signature="()V">
              <lines>
                <line number="65" hits="0"/>
              </lines>
            </method>
            <method name="(anonymous_10)" hits="0" signature="()V">
              <lines>
                <line number="66" hits="0"/>
              </lines>
            </method>
            <method name="(anonymous_11)" hits="0" signature="()V">
              <lines>
                <line number="67" hits="0"/>
              </lines>
            </method>
            <method name="(anonymous_12)" hits="0" signature="()V">
              <lines>
                <line number="68" hits="0"/>
              </lines>
            </method>
            <method name="(anonymous_13)" hits="0" signature="()V">
              <lines>
                <line number="69" hits="0"/>
              </lines>
            </method>
            <method name="(anonymous_14)" hits="0" signature="()V">
              <lines>
                <line number="70" hits="0"/>
              </lines>
            </method>
          </methods>
          <lines>
            <line number="3" hits="0" branch="false"/>
            <line number="7" hits="0" branch="false"/>
            <line number="8" hits="0" branch="false"/>
            <line number="11" hits="0" branch="false"/>
            <line number="14" hits="0" branch="false"/>
            <line number="15" hits="0" branch="false"/>
            <line number="21" hits="0" branch="false"/>
            <line number="25" hits="0" branch="false"/>
            <line number="26" hits="0" branch="false"/>
            <line number="32" hits="0" branch="false"/>
            <line number="33" hits="0" branch="false"/>
            <line number="38" hits="0" branch="false"/>
            <line number="42" hits="0" branch="false"/>
            <line number="43" hits="0" branch="false"/>
            <line number="48" hits="0" branch="false"/>
            <line number="53" hits="0" branch="false"/>
            <line number="54" hits="0" branch="false"/>
            <line number="59" hits="0" branch="false"/>
            <line number="60" hits="0" branch="false"/>
            <line number="64" hits="0" branch="false"/>
            <line number="65" hits="0" branch="false"/>
            <line number="66" hits="0" branch="false"/>
            <line number="68" hits="0" branch="false"/>
            <line number="70" hits="0" branch="false"/>
            <line number="71" hits="0" branch="true" condition-coverage="0% (0/2)"/>
            <line number="72" hits="0" branch="false"/>
          </lines>
        </class>
      </classes>
    </package>
  </packages>
</coverage>
