TN:
SF:/Users/abrahamkim/Desktop/vue-state-managmenet-app/src/App.vue
FNF:0
FNH:0
DA:12,0
DA:13,0
DA:14,0
LF:3
LH:0
BRF:0
BRH:0
end_of_record
TN:
SF:/Users/abrahamkim/Desktop/vue-state-managmenet-app/src/router.js
FNF:0
FNH:0
DA:4,0
LF:1
LH:0
BRF:0
BRH:0
end_of_record
TN:
SF:/Users/abrahamkim/Desktop/vue-state-managmenet-app/src/components/AddTodo.vue
FN:18,data
FN:25,onSubmit
FNF:2
FNH:0
FNDA:0,data
FNDA:0,onSubmit
DA:14,0
DA:19,0
DA:26,0
DA:27,0
DA:28,0
LF:5
LH:0
BRF:0
BRH:0
end_of_record
TN:
SF:/Users/abrahamkim/Desktop/vue-state-managmenet-app/src/components/FilterTodos.vue
FN:21,data
FN:28,onCheck
FNF:2
FNH:0
FNDA:0,data
FNDA:0,onCheck
DA:18,0
DA:22,0
DA:29,0
DA:31,0
DA:32,0
DA:34,0
LF:6
LH:0
BRDA:31,0,0,0
BRDA:31,0,1,0
BRF:2
BRH:0
end_of_record
TN:
SF:/Users/abrahamkim/Desktop/vue-state-managmenet-app/src/components/Todos.vue
FN:35,markAsCompleted
FN:46,created
FNF:2
FNH:0
FNDA:0,markAsCompleted
FNDA:0,created
DA:29,0
DA:36,0
DA:42,0
DA:47,0
LF:4
LH:0
BRF:0
BRH:0
end_of_record
TN:
SF:/Users/abrahamkim/Desktop/vue-state-managmenet-app/src/store/index.js
FNF:0
FNH:0
DA:6,0
LF:1
LH:0
BRF:0
BRH:0
end_of_record
TN:
SF:/Users/abrahamkim/Desktop/vue-state-managmenet-app/src/store/modules/todos.js
FN:8,(anonymous_0)
FN:13,(anonymous_1)
FN:14,(anonymous_2)
FN:20,(anonymous_3)
FN:25,(anonymous_4)
FN:31,(anonymous_5)
FN:37,(anonymous_6)
FN:47,(anonymous_7)
FN:58,(anonymous_8)
FN:65,(anonymous_9)
FN:66,(anonymous_10)
FN:67,(anonymous_11)
FN:68,(anonymous_12)
FN:69,(anonymous_13)
FN:70,(anonymous_14)
FNF:15
FNH:0
FNDA:0,(anonymous_0)
FNDA:0,(anonymous_1)
FNDA:0,(anonymous_2)
FNDA:0,(anonymous_3)
FNDA:0,(anonymous_4)
FNDA:0,(anonymous_5)
FNDA:0,(anonymous_6)
FNDA:0,(anonymous_7)
FNDA:0,(anonymous_8)
FNDA:0,(anonymous_9)
FNDA:0,(anonymous_10)
FNDA:0,(anonymous_11)
FNDA:0,(anonymous_12)
FNDA:0,(anonymous_13)
FNDA:0,(anonymous_14)
DA:3,0
DA:7,0
DA:8,0
DA:11,0
DA:14,0
DA:15,0
DA:21,0
DA:25,0
DA:26,0
DA:32,0
DA:33,0
DA:38,0
DA:42,0
DA:43,0
DA:48,0
DA:53,0
DA:54,0
DA:59,0
DA:60,0
DA:64,0
DA:65,0
DA:66,0
DA:68,0
DA:70,0
DA:71,0
DA:72,0
LF:26
LH:0
BRDA:71,0,0,0
BRDA:71,0,1,0
BRF:2
BRH:0
end_of_record
